<?xml version="1.0" encoding="UTF-8"?>
<testsuite name="com.example.bookmanager.BookServiceTest" tests="4" skipped="0" failures="0" errors="0" timestamp="2024-12-16T12:31:18" hostname="archlinux" time="0.031">
  <properties/>
  <testcase name="testSaveBook()" classname="com.example.bookmanager.BookServiceTest" time="0.006"/>
  <testcase name="testGetAllBooksEmptyList()" classname="com.example.bookmanager.BookServiceTest" time="0.005"/>
  <testcase name="testGetAllBooksWithData()" classname="com.example.bookmanager.BookServiceTest" time="0.006"/>
  <testcase name="testDeleteBook()" classname="com.example.bookmanager.BookServiceTest" time="0.004"/>
  <system-out><![CDATA[]]></system-out>
  <system-err><![CDATA[]]></system-err>
</testsuite>
