<?xml version="1.0" encoding="UTF-8"?>
<testsuite name="com.example.bookmanager.BookControllerTest" tests="3" skipped="0" failures="0" errors="0" timestamp="2024-12-16T12:31:17" hostname="archlinux" time="0.119">
  <properties/>
  <testcase name="testGetAllBooks()" classname="com.example.bookmanager.BookControllerTest" time="0.091"/>
  <testcase name="testCreateBook()" classname="com.example.bookmanager.BookControllerTest" time="0.012"/>
  <testcase name="testDeleteBook()" classname="com.example.bookmanager.BookControllerTest" time="0.007"/>
  <system-out><![CDATA[]]></system-out>
  <system-err><![CDATA[]]></system-err>
</testsuite>
